PDOException: SQLSTATE[23000]: Integrity constraint violation: 1062 Duplicate entry 'ohtani.shimpei3@gmail.com' for key 'email' in C:\xampp\htdocs\todo\app\UserLogic.php:27
Stack trace:
#0 C:\xampp\htdocs\todo\app\UserLogic.php(27): PDOStatement->execute(Array)
#1 C:\xampp\htdocs\todo\app\register.php(26): MyApp\UserLogic::createUser(Array)
#2 {main}PDOException: SQLSTATE[23000]: Integrity constraint violation: 1062 Duplicate entry 'ohtani.shimpei6@gmail.com' for key 'email' in C:\xampp\htdocs\todo\app\UserLogic.php:27
Stack trace:
#0 C:\xampp\htdocs\todo\app\UserLogic.php(27): PDOStatement->execute(Array)
#1 C:\xampp\htdocs\todo\app\register.php(37): MyApp\UserLogic::createUser(Array)
#2 {main}PDOException: SQLSTATE[23000]: Integrity constraint violation: 1062 Duplicate entry 'ohtani.shimpei7@gmail.com' for key 'email' in C:\xampp\htdocs\todo\app\UserLogic.php:27
Stack trace:
#0 C:\xampp\htdocs\todo\app\UserLogic.php(27): PDOStatement->execute(Array)
#1 C:\xampp\htdocs\todo\app\register.php(37): MyApp\UserLogic::createUser(Array)
#2 {main}PDOException: SQLSTATE[42S02]: Base table or view not found: 1932 Table 'todo.users' doesn't exist in engine in C:\xampp\htdocs\todo\app\UserLogic.php:84
Stack trace:
#0 C:\xampp\htdocs\todo\app\UserLogic.php(84): PDOStatement->execute(Array)
#1 C:\xampp\htdocs\todo\app\UserLogic.php(45): MyApp\UserLogic::getUserByEmail('ohtani.shimpei@...')
#2 C:\xampp\htdocs\todo\app\login.php(25): MyApp\UserLogic::login('ohtani.shimpei@...', 'shimshim')
#3 {main}PDOException: SQLSTATE[42S02]: Base table or view not found: 1932 Table 'todo.users' doesn't exist in engine in C:\xampp\htdocs\todo\app\UserLogic.php:84
Stack trace:
#0 C:\xampp\htdocs\todo\app\UserLogic.php(84): PDOStatement->execute(Array)
#1 C:\xampp\htdocs\todo\app\UserLogic.php(45): MyApp\UserLogic::getUserByEmail('ohtani.shimpei@...')
#2 C:\xampp\htdocs\todo\app\login.php(25): MyApp\UserLogic::login('ohtani.shimpei@...', 'shimshim')
#3 {main}PDOException: SQLSTATE[42S02]: Base table or view not found: 1932 Table 'todo.users' doesn't exist in engine in C:\xampp\htdocs\todo\app\UserLogic.php:84
Stack trace:
#0 C:\xampp\htdocs\todo\app\UserLogic.php(84): PDOStatement->execute(Array)
#1 C:\xampp\htdocs\todo\app\UserLogic.php(45): MyApp\UserLogic::getUserByEmail('ohtani.shimpei@...')
#2 C:\xampp\htdocs\todo\app\login.php(25): MyApp\UserLogic::login('ohtani.shimpei@...', 'shimshim')
#3 {main}PDOException: SQLSTATE[42S02]: Base table or view not found: 1932 Table 'todo.users' doesn't exist in engine in C:\xampp\htdocs\todo\app\UserLogic.php:84
Stack trace:
#0 C:\xampp\htdocs\todo\app\UserLogic.php(84): PDOStatement->execute(Array)
#1 C:\xampp\htdocs\todo\app\UserLogic.php(45): MyApp\UserLogic::getUserByEmail('ohtani.shimpei@...')
#2 C:\xampp\htdocs\todo\app\login.php(25): MyApp\UserLogic::login('ohtani.shimpei@...', 'shimshim')
#3 {main}PDOException: SQLSTATE[42S02]: Base table or view not found: 1932 Table 'todo.users' doesn't exist in engine in C:\xampp\htdocs\todo\app\UserLogic.php:84
Stack trace:
#0 C:\xampp\htdocs\todo\app\UserLogic.php(84): PDOStatement->execute(Array)
#1 C:\xampp\htdocs\todo\app\UserLogic.php(45): MyApp\UserLogic::getUserByEmail('ohtani.shimpei@...')
#2 C:\xampp\htdocs\todo\app\login.php(25): MyApp\UserLogic::login('ohtani.shimpei@...', 'shimshim')
#3 {main}PDOException: SQLSTATE[42S02]: Base table or view not found: 1932 Table 'todo.users' doesn't exist in engine in C:\xampp\htdocs\todo\app\UserLogic.php:84
Stack trace:
#0 C:\xampp\htdocs\todo\app\UserLogic.php(84): PDOStatement->execute(Array)
#1 C:\xampp\htdocs\todo\app\UserLogic.php(45): MyApp\UserLogic::getUserByEmail('ohtani.shimpei@...')
#2 C:\xampp\htdocs\todo\app\login.php(25): MyApp\UserLogic::login('ohtani.shimpei@...', 'shimshim')
#3 {main}PDOException: SQLSTATE[42S02]: Base table or view not found: 1932 Table 'todo.users' doesn't exist in engine in C:\xampp\htdocs\todo\app\UserLogic.php:27
Stack trace:
#0 C:\xampp\htdocs\todo\app\UserLogic.php(27): PDOStatement->execute(Array)
#1 C:\xampp\htdocs\todo\app\register.php(38): MyApp\UserLogic::createUser(Array)
#2 {main}PDOException: SQLSTATE[23000]: Integrity constraint violation: 1062 Duplicate entry 'ohtani.shimpei4@gmail.com' for key 'email' in C:\xampp\htdocs\todo\app\UserLogic.php:27
Stack trace:
#0 C:\xampp\htdocs\todo\app\UserLogic.php(27): PDOStatement->execute(Array)
#1 C:\xampp\htdocs\todo\app\register.php(40): MyApp\UserLogic::createUser(Array)
#2 {main}